Base path: /Applications/Unity/Unity.app/Contents
Pipe name: \\.\pipe\UnityShaderCompiler-64bit-1-1913164544
Cmd: getPlatforms
Cmd: compileSnippet
  api=0 type=0 insize=9591 outsize=6498 kw=UNITY_COLORSPACE_GAMMA ok=1
Cmd: compileSnippet
  api=0 type=1 insize=9591 outsize=6 kw=UNITY_COLORSPACE_GAMMA ok=1
Cmd: preprocess
  insize=1572 outsize=888 ok=1
Cmd: compileSnippet
  api=0 type=0 insize=986 outsize=559 kw= ok=1
Cmd: compileSnippet
  api=0 type=1 insize=986 outsize=6 kw= ok=1
Cmd: preprocess
  insize=1801 outsize=900 ok=1
Cmd: compileSnippet
  api=0 type=0 insize=1203 outsize=852 kw= ok=1
Cmd: compileSnippet
  api=0 type=1 insize=1203 outsize=6 kw= ok=1
Cmd: preprocess
  insize=219 outsize=219 ok=1
Cmd: preprocess
  insize=1523 outsize=503 ok=1
Cmd: compileSnippet
  api=0 type=0 insize=1322 outsize=1092 kw= ok=1
Cmd: compileSnippet
  api=0 type=1 insize=1322 outsize=6 kw= ok=1
Cmd: preprocess
  insize=1829 outsize=857 ok=1
Cmd: compileSnippet
  api=0 type=0 insize=1274 outsize=816 kw= ok=1
Cmd: compileSnippet
  api=0 type=1 insize=1274 outsize=6 kw= ok=1
Cmd: preprocess
  insize=479 outsize=479 ok=1
Cmd: preprocess
  insize=1834 outsize=876 ok=1
Cmd: compileSnippet
  api=0 type=0 insize=1260 outsize=781 kw= ok=1
Cmd: compileSnippet
  api=0 type=1 insize=1260 outsize=6 kw= ok=1
Cmd: preprocess
  insize=1462 outsize=503 ok=1
Cmd: compileSnippet
  api=0 type=0 insize=1260 outsize=1082 kw= ok=1
Cmd: compileSnippet
  api=0 type=1 insize=1260 outsize=6 kw= ok=1
Cmd: preprocess
  insize=1875 outsize=895 ok=1
Cmd: compileSnippet
  api=0 type=0 insize=1282 outsize=912 kw= ok=1
Cmd: compileSnippet
  api=0 type=1 insize=1282 outsize=6 kw= ok=1
Cmd: preprocess
  insize=1805 outsize=885 ok=1
Cmd: compileSnippet
  api=0 type=0 insize=1222 outsize=836 kw= ok=1
Cmd: compileSnippet
  api=0 type=1 insize=1222 outsize=6 kw= ok=1
Cmd: preprocess
  insize=1798 outsize=882 ok=1
Cmd: compileSnippet
  api=0 type=0 insize=1218 outsize=836 kw= ok=1
Cmd: compileSnippet
  api=0 type=1 insize=1218 outsize=6 kw= ok=1
Cmd: preprocess
  insize=3042 outsize=2110 ok=1
Cmd: compileSnippet
  api=0 type=0 insize=7955 outsize=4030 kw=DIRECTIONAL SHADOWS_OFF LIGHTMAP_OFF DIRLIGHTMAP_OFF DYNAMICLIGHTMAP_OFF ok=1
Cmd: compileSnippet
  api=0 type=1 insize=7955 outsize=6 kw=DIRECTIONAL SHADOWS_OFF LIGHTMAP_OFF DIRLIGHTMAP_OFF DYNAMICLIGHTMAP_OFF ok=1
Cmd: compileSnippet
  api=0 type=0 insize=5258 outsize=3364 kw=POINT ok=1
Cmd: compileSnippet
  api=0 type=1 insize=5258 outsize=6 kw=POINT ok=1
Cmd: compileSnippet
  api=0 type=0 insize=4559 outsize=3677 kw= ok=1
Cmd: compileSnippet
  api=0 type=1 insize=4559 outsize=6 kw= ok=1
Cmd: compileSnippet
  api=0 type=0 insize=7522 outsize=2750 kw=DIRECTIONAL SHADOWS_OFF LIGHTMAP_OFF DIRLIGHTMAP_OFF DYNAMICLIGHTMAP_OFF ok=1
Cmd: compileSnippet
  api=0 type=1 insize=7522 outsize=6 kw=DIRECTIONAL SHADOWS_OFF LIGHTMAP_OFF DIRLIGHTMAP_OFF DYNAMICLIGHTMAP_OFF ok=1
Cmd: compileSnippet
  api=0 type=0 insize=4363 outsize=2213 kw=POINT ok=1
Cmd: compileSnippet
  api=0 type=1 insize=4363 outsize=6 kw=POINT ok=1
Cmd: compileSnippet
  api=0 type=0 insize=3703 outsize=2274 kw= ok=1
Cmd: compileSnippet
  api=0 type=1 insize=3703 outsize=6 kw= ok=1
Cmd: preprocess
  insize=1871 outsize=896 ok=1
Cmd: compileSnippet
  api=0 type=0 insize=1277 outsize=800 kw= ok=1
Cmd: compileSnippet
  api=0 type=1 insize=1277 outsize=6 kw= ok=1
Cmd: preprocess
  insize=1891 outsize=860 ok=1
Cmd: compileSnippet
  api=0 type=0 insize=1333 outsize=816 kw= ok=1
Cmd: compileSnippet
  api=0 type=1 insize=1333 outsize=6 kw= ok=1
Cmd: preprocess
  insize=435 outsize=435 ok=1
Cmd: preprocess
  insize=1102 outsize=448 ok=1
Cmd: compileSnippet
  api=0 type=0 insize=956 outsize=493 kw= ok=1
Cmd: compileSnippet
  api=0 type=1 insize=956 outsize=6 kw= ok=1
Cmd: preprocess
  insize=5911 outsize=3818 ok=1
Cmd: compileSnippet
  api=0 type=0 insize=9414 outsize=4976 kw=DIRECTIONAL LIGHTMAP_OFF DIRLIGHTMAP_OFF DYNAMICLIGHTMAP_OFF ok=1
Cmd: compileSnippet
  api=0 type=1 insize=9414 outsize=6 kw=DIRECTIONAL LIGHTMAP_OFF DIRLIGHTMAP_OFF DYNAMICLIGHTMAP_OFF ok=1
Cmd: compileSnippet
  api=0 type=0 insize=6605 outsize=4276 kw=POINT ok=1
Cmd: compileSnippet
  api=0 type=1 insize=6605 outsize=6 kw=POINT ok=1
Cmd: compileSnippet
  api=0 type=0 insize=6021 outsize=4767 kw= ok=1
Cmd: compileSnippet
  api=0 type=1 insize=6021 outsize=6 kw= ok=1
Cmd: compileSnippet
  api=0 type=0 insize=8291 outsize=4419 kw=DIRECTIONAL LIGHTMAP_OFF DIRLIGHTMAP_OFF DYNAMICLIGHTMAP_OFF ok=1
Cmd: compileSnippet
  api=0 type=1 insize=8291 outsize=6 kw=DIRECTIONAL LIGHTMAP_OFF DIRLIGHTMAP_OFF DYNAMICLIGHTMAP_OFF ok=1
Cmd: compileSnippet
  api=0 type=0 insize=5569 outsize=3720 kw=POINT ok=1
Cmd: compileSnippet
  api=0 type=1 insize=5569 outsize=6 kw=POINT ok=1
Cmd: compileSnippet
  api=0 type=0 insize=4985 outsize=3968 kw= ok=1
Cmd: compileSnippet
  api=0 type=1 insize=4985 outsize=6 kw= ok=1
Cmd: compileSnippet
  api=0 type=0 insize=7340 outsize=2540 kw=DIRECTIONAL LIGHTMAP_OFF DIRLIGHTMAP_OFF DYNAMICLIGHTMAP_OFF ok=1
Cmd: compileSnippet
  api=0 type=1 insize=7340 outsize=6 kw=DIRECTIONAL LIGHTMAP_OFF DIRLIGHTMAP_OFF DYNAMICLIGHTMAP_OFF ok=1
Cmd: compileSnippet
  api=0 type=0 insize=4110 outsize=2063 kw=POINT ok=1
Cmd: compileSnippet
  api=0 type=1 insize=4110 outsize=6 kw=POINT ok=1
Cmd: compileSnippet
  api=0 type=0 insize=3457 outsize=2672 kw= ok=1
Cmd: compileSnippet
  api=0 type=1 insize=3457 outsize=6 kw= ok=1
Cmd: preprocess
  insize=1524 outsize=883 ok=1
Cmd: compileSnippet
  api=0 type=0 insize=942 outsize=429 kw= ok=1
Cmd: compileSnippet
  api=0 type=1 insize=942 outsize=6 kw= ok=1
Cmd: preprocess
  insize=2361 outsize=2710 ok=1
Cmd: compileSnippet
  api=0 type=0 insize=8060 outsize=4159 kw=DIRECTIONAL SHADOWS_OFF LIGHTMAP_OFF DIRLIGHTMAP_OFF DYNAMICLIGHTMAP_OFF ok=1
Cmd: compileSnippet
  api=0 type=1 insize=8060 outsize=6 kw=DIRECTIONAL SHADOWS_OFF LIGHTMAP_OFF DIRLIGHTMAP_OFF DYNAMICLIGHTMAP_OFF ok=1
Cmd: compileSnippet
  api=0 type=0 insize=5363 outsize=3465 kw=POINT ok=1
Cmd: compileSnippet
  api=0 type=1 insize=5363 outsize=6 kw=POINT ok=1
Cmd: compileSnippet
  api=0 type=0 insize=4664 outsize=3711 kw= ok=1
Cmd: compileSnippet
  api=0 type=1 insize=4664 outsize=6 kw= ok=1
Cmd: compileSnippet
  api=0 type=0 insize=6915 outsize=2372 kw=DIRECTIONAL SHADOWS_OFF LIGHTMAP_OFF DIRLIGHTMAP_OFF DYNAMICLIGHTMAP_OFF ok=1
Cmd: compileSnippet
  api=0 type=1 insize=6915 outsize=6 kw=DIRECTIONAL SHADOWS_OFF LIGHTMAP_OFF DIRLIGHTMAP_OFF DYNAMICLIGHTMAP_OFF ok=1
Cmd: compileSnippet
  api=0 type=0 insize=3752 outsize=1864 kw=POINT ok=1
Cmd: compileSnippet
  api=0 type=1 insize=3752 outsize=6 kw=POINT ok=1
Cmd: compileSnippet
  api=0 type=0 insize=2910 outsize=978 kw= ok=1
Cmd: compileSnippet
  api=0 type=1 insize=2910 outsize=6 kw= ok=1
Cmd: compileSnippet
  api=0 type=0 insize=5954 outsize=2724 kw=LIGHTMAP_OFF DIRLIGHTMAP_OFF DYNAMICLIGHTMAP_OFF HDR_LIGHT_PREPASS_OFF ok=1
Cmd: compileSnippet
  api=0 type=1 insize=5954 outsize=6 kw=LIGHTMAP_OFF DIRLIGHTMAP_OFF DYNAMICLIGHTMAP_OFF HDR_LIGHT_PREPASS_OFF ok=1
Cmd: compileSnippet
  api=0 type=0 insize=6033 outsize=2719 kw=LIGHTMAP_OFF DIRLIGHTMAP_OFF DYNAMICLIGHTMAP_OFF HDR_LIGHT_PREPASS_OFF ok=1
Cmd: compileSnippet
  api=0 type=1 insize=6033 outsize=6 kw=LIGHTMAP_OFF DIRLIGHTMAP_OFF DYNAMICLIGHTMAP_OFF HDR_LIGHT_PREPASS_OFF ok=1
Cmd: compileSnippet
  api=0 type=0 insize=3101 outsize=2415 kw= ok=1
Cmd: compileSnippet
  api=0 type=1 insize=3101 outsize=6 kw= ok=1
Cmd: preprocess
  insize=1241 outsize=492 ok=1
Cmd: compileSnippet
  api=0 type=0 insize=1051 outsize=751 kw= ok=1
Cmd: compileSnippet
  api=0 type=1 insize=1051 outsize=6 kw= ok=1
Cmd: preprocess
  insize=1667 outsize=928 ok=1
Cmd: compileSnippet
  api=0 type=0 insize=1041 outsize=678 kw= ok=1
Cmd: compileSnippet
  api=0 type=1 insize=1041 outsize=6 kw= ok=1
Cmd: compileSnippet
  api=0 type=0 insize=541 outsize=1893 kw=SHADOWS_DEPTH ok=1
Cmd: compileSnippet
  api=0 type=1 insize=541 outsize=6 kw=SHADOWS_DEPTH ok=1
Cmd: compileSnippet
  api=0 type=0 insize=6810 outsize=2300 kw=DIRECTIONAL SHADOWS_OFF LIGHTMAP_OFF DIRLIGHTMAP_OFF DYNAMICLIGHTMAP_OFF ok=1
Cmd: compileSnippet
  api=0 type=1 insize=6810 outsize=6 kw=DIRECTIONAL SHADOWS_OFF LIGHTMAP_OFF DIRLIGHTMAP_OFF DYNAMICLIGHTMAP_OFF ok=1
Cmd: compileSnippet
  api=0 type=0 insize=3647 outsize=1489 kw=DIRECTIONAL ok=1
Cmd: compileSnippet
  api=0 type=1 insize=3647 outsize=6 kw=DIRECTIONAL ok=1
Cmd: compileSnippet
  api=0 type=0 insize=5363 outsize=3143 kw=DIRECTIONAL ok=1
Cmd: compileSnippet
  api=0 type=1 insize=5363 outsize=6 kw=DIRECTIONAL ok=1
Cmd: compileSnippet
  api=0 type=0 insize=990 outsize=463 kw= ok=1
Cmd: compileSnippet
  api=0 type=1 insize=990 outsize=6 kw= ok=1
Cmd: compileSnippet
  api=0 type=0 insize=5258 outsize=3042 kw=DIRECTIONAL ok=1
Cmd: compileSnippet
  api=0 type=1 insize=5258 outsize=6 kw=DIRECTIONAL ok=1
Cmd: compileSnippet
  api=0 type=0 insize=7257 outsize=3714 kw=DIRECTIONAL SHADOWS_OFF LIGHTMAP_OFF DIRLIGHTMAP_OFF DYNAMICLIGHTMAP_OFF ok=1
Cmd: compileSnippet
  api=0 type=1 insize=7257 outsize=6 kw=DIRECTIONAL SHADOWS_OFF LIGHTMAP_OFF DIRLIGHTMAP_OFF DYNAMICLIGHTMAP_OFF ok=1
Cmd: compileSnippet
  api=0 type=0 insize=4694 outsize=2837 kw=DIRECTIONAL ok=1
Cmd: compileSnippet
  api=0 type=1 insize=4694 outsize=6 kw=DIRECTIONAL ok=1
Cmd: compileSnippet
  api=0 type=0 insize=6605 outsize=3960 kw=DIRECTIONAL ok=1
Cmd: compileSnippet
  api=0 type=1 insize=6605 outsize=6 kw=DIRECTIONAL ok=1
Cmd: compileSnippet
  api=0 type=0 insize=751 outsize=1893 kw=SHADOWS_DEPTH ok=1
Cmd: compileSnippet
  api=0 type=1 insize=751 outsize=6 kw=SHADOWS_DEPTH ok=1
Cmd: compileSnippet
  api=0 type=0 insize=982 outsize=9902 kw=DIRECTIONAL SHADOWS_OFF LIGHTMAP_OFF DIRLIGHTMAP_OFF DYNAMICLIGHTMAP_OFF ok=1
Cmd: compileSnippet
  api=0 type=1 insize=982 outsize=6 kw=DIRECTIONAL SHADOWS_OFF LIGHTMAP_OFF DIRLIGHTMAP_OFF DYNAMICLIGHTMAP_OFF ok=1
Cmd: compileSnippet
  api=0 type=0 insize=938 outsize=5705 kw=DIRECTIONAL SHADOWS_OFF ok=1
Cmd: compileSnippet
  api=0 type=1 insize=938 outsize=6 kw=DIRECTIONAL SHADOWS_OFF ok=1
Cmd: compileSnippet
  api=0 type=0 insize=1705 outsize=541 kw=SOFTPARTICLES_OFF ok=1
Cmd: compileSnippet
  api=0 type=1 insize=1705 outsize=6 kw=SOFTPARTICLES_OFF ok=1
